<?xml version="1.0" encoding="UTF-8"?>
<!-- Generated by org.testng.reporters.JUnitXMLReporter -->
<testsuite ignored="0" hostname="DESKTOP-TOD4EV2" failures="1" tests="6" name="Surefire test" time="16.713" errors="0" timestamp="2024-02-22T18:33:21 WET">
  <testcase classname="io.cucumber.testng.AbstractTestNGCucumberTests" name="runScenario" time="0.262">
    <failure type="java.lang.IllegalArgumentException" message="Unsupported browser: google">
      <![CDATA[java.lang.IllegalArgumentException: Unsupported browser: google
at Config.WebDriverConfig.startBrowser(WebDriverConfig.java:53)
at PetStoreCreBDD.steps.SearchAndViewProductTest.i_have_a_selenium_using(SearchAndViewProductTest.java:23)
at ✽.I have a Selenium using "google" search(file:///C:/Users/Ricardo/eclipse-workspace/PetStoreCRE/src/test/resources/SearchAndViewProduct.feature:6)
]]>
    </failure>
  </testcase> <!-- runScenario -->
  <testcase classname="io.cucumber.testng.AbstractTestNGCucumberTests" name="runScenario" time="11.603"/>
  <testcase classname="io.cucumber.testng.AbstractTestNGCucumberTests" name="runScenario" time="12.27"/>
  <testcase classname="io.cucumber.testng.AbstractTestNGCucumberTests" name="runScenario" time="14.474"/>
  <testcase classname="io.cucumber.testng.AbstractTestNGCucumberTests" name="runScenario" time="15.38"/>
  <testcase classname="io.cucumber.testng.AbstractTestNGCucumberTests" name="runScenario" time="15.441"/>
</testsuite> <!-- Surefire test -->
