<?xml version="1.0" encoding="UTF-8"?>
<!-- Generated by org.testng.reporters.JUnitReportReporter -->
<testsuite hostname="DESKTOP-TOD4EV2" failures="0" tests="6" name="PetStoreCreBDD.TestRunner" time="69.430" errors="1" timestamp="2024-02-22T18:33:21 WET" skipped="0">
  <testcase classname="PetStoreCreBDD.TestRunner" name="runScenario" time="14.474"/>
  <system-out/>
  <testcase classname="PetStoreCreBDD.TestRunner" name="runScenario" time="11.603"/>
  <system-out/>
  <testcase classname="PetStoreCreBDD.TestRunner" name="runScenario" time="12.270"/>
  <system-out/>
  <testcase classname="PetStoreCreBDD.TestRunner" name="runScenario" time="0.262">
    <error message="Unsupported browser: google" type="java.lang.IllegalArgumentException">
      <![CDATA[java.lang.IllegalArgumentException: Unsupported browser: google
at Config.WebDriverConfig.startBrowser(WebDriverConfig.java:53)
at PetStoreCreBDD.steps.SearchAndViewProductTest.i_have_a_selenium_using(SearchAndViewProductTest.java:23)
at ✽.I have a Selenium using "google" search(file:///C:/Users/Ricardo/eclipse-workspace/PetStoreCRE/src/test/resources/SearchAndViewProduct.feature:6)
]]>
    </error>
  </testcase> <!-- runScenario -->
  <system-out/>
  <testcase classname="PetStoreCreBDD.TestRunner" name="runScenario" time="15.380"/>
  <system-out/>
  <testcase classname="PetStoreCreBDD.TestRunner" name="runScenario" time="15.441"/>
  <system-out/>
</testsuite> <!-- PetStoreCreBDD.TestRunner -->
